<?xml version="1.0" encoding="UTF-8"?>
<!-- Generated by org.testng.reporters.JUnitXMLReporter -->
<testsuite ignored="0" hostname="sysadmin-H81M-S" failures="3" tests="3" name="sequence" time="3.63" errors="0" timestamp="2019-12-26T12:26:58 IST">
  <testcase classname="ihubstorestc.tc_01_signin" name="signin" time="0.018">
    <failure type="java.lang.IllegalStateException" message="The driver executable is a directory: /home/vikas/Downloads/chromedriver_linux64">
      <![CDATA[java.lang.IllegalStateException: The driver executable is a directory: /home/vikas/Downloads/chromedriver_linux64
at com.google.common.base.Preconditions.checkState(Preconditions.java:585)
at org.openqa.selenium.remote.service.DriverService.checkExecutable(DriverService.java:148)
at org.openqa.selenium.remote.service.DriverService.findExecutable(DriverService.java:141)
at org.openqa.selenium.chrome.ChromeDriverService.access$000(ChromeDriverService.java:35)
at org.openqa.selenium.chrome.ChromeDriverService$Builder.findDefaultExecutable(ChromeDriverService.java:159)
at org.openqa.selenium.remote.service.DriverService$Builder.build(DriverService.java:355)
at org.openqa.selenium.chrome.ChromeDriverService.createDefaultService(ChromeDriverService.java:94)
at org.openqa.selenium.chrome.ChromeDriver.<init>(ChromeDriver.java:123)
at ihubstorestc.tc_01_signin.signin(tc_01_signin.java:17)
at java.base/java.util.ArrayList.forEach(ArrayList.java:1540)
... Removed 27 stack frames]]>
    </failure>
  </testcase> <!-- signin -->
  <testcase classname="ihubstorestc.tc_02_signinneg" name="signin" time="0.002">
    <failure type="java.lang.NullPointerException">
      <![CDATA[java.lang.NullPointerException
at ihubstorestc.tc_02_signinneg.signin(tc_02_signinneg.java:24)
at java.base/java.util.ArrayList.forEach(ArrayList.java:1540)
... Removed 27 stack frames]]>
    </failure>
  </testcase> <!-- signin -->
  <testcase classname="ihubstorestc.tc_09_mobilenum" name="signin" time="0.005">
    <failure type="java.lang.IllegalStateException" message="The driver executable is a directory: /home/vikas/Downloads/chromedriver_linux64">
      <![CDATA[java.lang.IllegalStateException: The driver executable is a directory: /home/vikas/Downloads/chromedriver_linux64
at com.google.common.base.Preconditions.checkState(Preconditions.java:585)
at org.openqa.selenium.remote.service.DriverService.checkExecutable(DriverService.java:148)
at org.openqa.selenium.remote.service.DriverService.findExecutable(DriverService.java:141)
at org.openqa.selenium.chrome.ChromeDriverService.access$000(ChromeDriverService.java:35)
at org.openqa.selenium.chrome.ChromeDriverService$Builder.findDefaultExecutable(ChromeDriverService.java:159)
at org.openqa.selenium.remote.service.DriverService$Builder.build(DriverService.java:355)
at org.openqa.selenium.chrome.ChromeDriverService.createDefaultService(ChromeDriverService.java:94)
at org.openqa.selenium.chrome.ChromeDriver.<init>(ChromeDriver.java:123)
at ihubstorestc.tc_09_mobilenum.signin(tc_09_mobilenum.java:16)
at java.base/java.util.ArrayList.forEach(ArrayList.java:1540)
... Removed 27 stack frames]]>
    </failure>
  </testcase> <!-- signin -->
</testsuite> <!-- sequence -->
