<?xml version="1.0" encoding="UTF-8"?>
<!-- Generated by org.testng.reporters.JUnitXMLReporter -->
<testsuite ignored="0" hostname="sysadmin-H81M-S" failures="0" tests="2" name="Testsequence" time="1.211" errors="0" timestamp="2019-12-26T15:20:58 IST">
  <testcase classname="ihubstorestc.tc_02_signinneg" name="@BeforeTest setup" time="0.001">
    <failure type="java.lang.IllegalStateException" message="The driver executable is a directory: /home/vikas/Downloads/chromedriver_linux64">
      <![CDATA[java.lang.IllegalStateException: The driver executable is a directory: /home/vikas/Downloads/chromedriver_linux64
at com.google.common.base.Preconditions.checkState(Preconditions.java:585)
at org.openqa.selenium.remote.service.DriverService.checkExecutable(DriverService.java:148)
at org.openqa.selenium.remote.service.DriverService.findExecutable(DriverService.java:141)
at org.openqa.selenium.chrome.ChromeDriverService.access$000(ChromeDriverService.java:35)
at org.openqa.selenium.chrome.ChromeDriverService$Builder.findDefaultExecutable(ChromeDriverService.java:159)
at org.openqa.selenium.remote.service.DriverService$Builder.build(DriverService.java:355)
at org.openqa.selenium.chrome.ChromeDriverService.createDefaultService(ChromeDriverService.java:94)
at org.openqa.selenium.chrome.ChromeDriver.<init>(ChromeDriver.java:123)
at ihubstorestc.tc_02_signinneg.setup(tc_02_signinneg.java:17)
... Removed 24 stack frames]]>
    </failure>
  </testcase> <!-- @BeforeTest setup -->
  <testcase classname="ihubstorestc.tc_01_signin" name="@AfterTest quit" time="-1.577353858204E9">
    <skipped/>
  </testcase> <!-- @AfterTest quit -->
  <testcase classname="ihubstorestc.tc_02_signinneg" name="login" time="0.0">
    <skipped/>
  </testcase> <!-- login -->
  <testcase classname="ihubstorestc.tc_01_signin" name="signin" time="0.0">
    <skipped/>
  </testcase> <!-- signin -->
</testsuite> <!-- Testsequence -->
